<?xml version="1.0" encoding="UTF-8"?>
<robot generator="Robot 6.0.1 (Python 3.11.0 on win32)" generated="20230120 15:58:17.007" rpa="false" schemaversion="3">
<suite id="s1" name="Cadastro" source="C:\QAninja\twp\testes\cadastro.robot">
<test id="s1-t1" name="Cadastrar um novo usuario &quot;Desenvolvedor&quot;" line="19">
<kw name="Open Session" library="base" type="SETUP">
<kw name="Set Appium Timeout" library="AppiumLibrary">
<arg>20</arg>
<doc>Sets the timeout in seconds used by various keywords.</doc>
<status status="PASS" starttime="20230120 15:58:17.470" endtime="20230120 15:58:17.471"/>
</kw>
<kw name="Open Application" library="AppiumLibrary">
<arg>http://localhost:4723/wd/hub</arg>
<arg>appium:automationName=UiAutomator2</arg>
<arg>platformName=Android</arg>
<arg>appium:deviceName=Emulator</arg>
<arg>appium:app=${EXECDIR}/app/twp.apk</arg>
<arg>appium:udid=emulator-5554</arg>
<doc>Opens a new application to given Appium server.
Capabilities of appium server, Android and iOS,
Please check https://github.com/appium/appium/blob/master/docs/en/writing-running-appium/server-args.md
| *Option*            | *Man.* | *Description*     |
| remote_url          | Yes    | Appium server url |
| alias               | no     | alias             |
| strict_ssl          | No     | allows you to send commands to an invalid certificate host like a self-signed one. |</doc>
<status status="PASS" starttime="20230120 15:58:17.471" endtime="20230120 15:58:31.368"/>
</kw>
<kw name="Botao começar" library="kws">
<kw name="Wait Until Page Contains" library="AppiumLibrary">
<arg>COMEÇAR</arg>
<doc>Waits until `text` appears on current page.</doc>
<status status="PASS" starttime="20230120 15:58:31.369" endtime="20230120 15:58:35.483"/>
</kw>
<kw name="Click Text" library="AppiumLibrary">
<arg>COMEÇAR</arg>
<doc>Click text identified by ``text``.</doc>
<msg timestamp="20230120 15:58:36.367" level="INFO">xpath criteria: //*[contains(@text,"COMEÇAR")]</msg>
<status status="PASS" starttime="20230120 15:58:35.483" endtime="20230120 15:58:36.368"/>
</kw>
<status status="PASS" starttime="20230120 15:58:31.368" endtime="20230120 15:58:36.368"/>
</kw>
<status status="PASS" starttime="20230120 15:58:17.470" endtime="20230120 15:58:36.368"/>
</kw>
<kw name="Ir para cadastro" library="kws">
<kw name="Ir para menu" library="kws">
<kw name="Wait Until Element Is Visible" library="AppiumLibrary">
<arg>//android.widget.ImageButton[@content-desc="Open navigation drawer"]</arg>
<doc>Waits until element specified with `locator` is visible.</doc>
<msg timestamp="20230120 15:58:37.810" level="INFO">xpath criteria: //android.widget.ImageButton[@content-desc="Open navigation drawer"]
xpath criteria: //android.widget.ImageButton[@content-desc="Open navigation drawer"]</msg>
<status status="PASS" starttime="20230120 15:58:36.370" endtime="20230120 15:58:37.811"/>
</kw>
<kw name="Click Element" library="AppiumLibrary">
<arg>//android.widget.ImageButton[@content-desc="Open navigation drawer"]</arg>
<doc>Click element identified by `locator`.</doc>
<msg timestamp="20230120 15:58:37.813" level="INFO">Clicking element '//android.widget.ImageButton[@content-desc="Open navigation drawer"]'.</msg>
<msg timestamp="20230120 15:58:37.977" level="INFO">xpath criteria: //android.widget.ImageButton[@content-desc="Open navigation drawer"]</msg>
<status status="PASS" starttime="20230120 15:58:37.811" endtime="20230120 15:58:37.977"/>
</kw>
<kw name="Wait Until Page Contains" library="AppiumLibrary">
<arg>Training Wheels</arg>
<doc>Waits until `text` appears on current page.</doc>
<status status="PASS" starttime="20230120 15:58:37.977" endtime="20230120 15:58:39.080"/>
</kw>
<status status="PASS" starttime="20230120 15:58:36.369" endtime="20230120 15:58:39.080"/>
</kw>
<kw name="Click Text" library="AppiumLibrary">
<arg>FORMS</arg>
<doc>Click text identified by ``text``.</doc>
<msg timestamp="20230120 15:58:39.464" level="INFO">xpath criteria: //*[contains(@text,"FORMS")]</msg>
<status status="PASS" starttime="20230120 15:58:39.080" endtime="20230120 15:58:39.464"/>
</kw>
<kw name="Wait Until Page Contains" library="AppiumLibrary">
<arg>CADASTRO</arg>
<doc>Waits until `text` appears on current page.</doc>
<status status="PASS" starttime="20230120 15:58:39.464" endtime="20230120 15:58:40.228"/>
</kw>
<kw name="Click Text" library="AppiumLibrary">
<arg>CADASTRO</arg>
<doc>Click text identified by ``text``.</doc>
<msg timestamp="20230120 15:58:40.706" level="INFO">xpath criteria: //*[contains(@text,"CADASTRO")]</msg>
<status status="PASS" starttime="20230120 15:58:40.228" endtime="20230120 15:58:40.706"/>
</kw>
<kw name="Wait Until Page Contains" library="AppiumLibrary">
<arg>Bem-vindo, crie sua conta.</arg>
<doc>Waits until `text` appears on current page.</doc>
<status status="PASS" starttime="20230120 15:58:40.706" endtime="20230120 15:58:42.166"/>
</kw>
<status status="PASS" starttime="20230120 15:58:36.369" endtime="20230120 15:58:42.166"/>
</kw>
<kw name="Input Text" library="AppiumLibrary">
<arg>${ID_NAME}</arg>
<arg>Weslley</arg>
<doc>Types the given `text` into text field identified by `locator`.</doc>
<msg timestamp="20230120 15:58:42.169" level="INFO">Typing text 'Weslley' into text field 'io.qaninja.android.twp:id/etUsername'</msg>
<msg timestamp="20230120 15:58:43.067" level="INFO">criteria is io.qaninja.android.twp:id/etUsername</msg>
<status status="PASS" starttime="20230120 15:58:42.167" endtime="20230120 15:58:43.067"/>
</kw>
<kw name="Input Text" library="AppiumLibrary">
<arg>${ID_EMAIL}</arg>
<arg>eu@papito.io</arg>
<doc>Types the given `text` into text field identified by `locator`.</doc>
<msg timestamp="20230120 15:58:43.071" level="INFO">Typing text 'eu@papito.io' into text field 'io.qaninja.android.twp:id/etEmail'</msg>
<msg timestamp="20230120 15:58:43.595" level="INFO">criteria is io.qaninja.android.twp:id/etEmail</msg>
<status status="PASS" starttime="20230120 15:58:43.068" endtime="20230120 15:58:43.595"/>
</kw>
<kw name="Input Password" library="AppiumLibrary">
<arg>${ID_PASSWORD}</arg>
<arg>qaninja</arg>
<doc>Types the given password into text field identified by `locator`.</doc>
<msg timestamp="20230120 15:58:43.598" level="INFO">Typing password into text field 'io.qaninja.android.twp:id/etPassword'</msg>
<msg timestamp="20230120 15:58:44.647" level="INFO">criteria is io.qaninja.android.twp:id/etPassword</msg>
<status status="PASS" starttime="20230120 15:58:43.596" endtime="20230120 15:58:44.647"/>
</kw>
<kw name="Click Element" library="AppiumLibrary">
<arg>${ID_SPINNER}</arg>
<doc>Click element identified by `locator`.</doc>
<msg timestamp="20230120 15:58:44.651" level="INFO">Clicking element 'io.qaninja.android.twp:id/spinnerJob'.</msg>
<msg timestamp="20230120 15:58:45.204" level="INFO">criteria is io.qaninja.android.twp:id/spinnerJob</msg>
<status status="PASS" starttime="20230120 15:58:44.648" endtime="20230120 15:58:45.204"/>
</kw>
<kw name="Wait Until Page Contains" library="AppiumLibrary">
<arg>Desenvolvedor</arg>
<doc>Waits until `text` appears on current page.</doc>
<status status="PASS" starttime="20230120 15:58:45.205" endtime="20230120 15:58:46.403"/>
</kw>
<kw name="Click Text" library="AppiumLibrary">
<arg>Desenvolvedor</arg>
<doc>Click text identified by ``text``.</doc>
<msg timestamp="20230120 15:58:47.341" level="INFO">xpath criteria: //*[contains(@text,"Desenvolvedor")]</msg>
<status status="PASS" starttime="20230120 15:58:46.404" endtime="20230120 15:58:47.341"/>
</kw>
<kw name="Click Element" library="AppiumLibrary">
<arg>${ID_SUBMIT}</arg>
<doc>Click element identified by `locator`.</doc>
<msg timestamp="20230120 15:58:47.344" level="INFO">Clicking element 'io.qaninja.android.twp:id/btnSubmit'.</msg>
<msg timestamp="20230120 15:58:47.531" level="INFO">criteria is io.qaninja.android.twp:id/btnSubmit</msg>
<status status="PASS" starttime="20230120 15:58:47.342" endtime="20230120 15:58:47.531"/>
</kw>
<kw name="Close Session" library="base" type="TEARDOWN">
<kw name="Close Application" library="AppiumLibrary">
<doc>Closes the current application and also close webdriver session.</doc>
<status status="PASS" starttime="20230120 15:58:47.534" endtime="20230120 15:58:48.891"/>
</kw>
<status status="PASS" starttime="20230120 15:58:47.533" endtime="20230120 15:58:48.891"/>
</kw>
<tag>dev</tag>
<status status="PASS" starttime="20230120 15:58:17.469" endtime="20230120 15:58:48.893"/>
</test>
<test id="s1-t2" name="Cadastrar um novo usuario &quot;QA&quot;" line="33">
<kw name="Open Session" library="base" type="SETUP">
<kw name="Set Appium Timeout" library="AppiumLibrary">
<arg>20</arg>
<doc>Sets the timeout in seconds used by various keywords.</doc>
<status status="PASS" starttime="20230120 15:58:48.903" endtime="20230120 15:58:48.903"/>
</kw>
<kw name="Open Application" library="AppiumLibrary">
<arg>http://localhost:4723/wd/hub</arg>
<arg>appium:automationName=UiAutomator2</arg>
<arg>platformName=Android</arg>
<arg>appium:deviceName=Emulator</arg>
<arg>appium:app=${EXECDIR}/app/twp.apk</arg>
<arg>appium:udid=emulator-5554</arg>
<doc>Opens a new application to given Appium server.
Capabilities of appium server, Android and iOS,
Please check https://github.com/appium/appium/blob/master/docs/en/writing-running-appium/server-args.md
| *Option*            | *Man.* | *Description*     |
| remote_url          | Yes    | Appium server url |
| alias               | no     | alias             |
| strict_ssl          | No     | allows you to send commands to an invalid certificate host like a self-signed one. |</doc>
<status status="PASS" starttime="20230120 15:58:48.903" endtime="20230120 15:59:04.798"/>
</kw>
<kw name="Botao começar" library="kws">
<kw name="Wait Until Page Contains" library="AppiumLibrary">
<arg>COMEÇAR</arg>
<doc>Waits until `text` appears on current page.</doc>
<status status="PASS" starttime="20230120 15:59:04.798" endtime="20230120 15:59:08.735"/>
</kw>
<kw name="Click Text" library="AppiumLibrary">
<arg>COMEÇAR</arg>
<doc>Click text identified by ``text``.</doc>
<msg timestamp="20230120 15:59:09.716" level="INFO">xpath criteria: //*[contains(@text,"COMEÇAR")]</msg>
<status status="PASS" starttime="20230120 15:59:08.735" endtime="20230120 15:59:09.717"/>
</kw>
<status status="PASS" starttime="20230120 15:59:04.798" endtime="20230120 15:59:09.717"/>
</kw>
<status status="PASS" starttime="20230120 15:58:48.902" endtime="20230120 15:59:09.717"/>
</kw>
<kw name="Ir para cadastro" library="kws">
<kw name="Ir para menu" library="kws">
<kw name="Wait Until Element Is Visible" library="AppiumLibrary">
<arg>//android.widget.ImageButton[@content-desc="Open navigation drawer"]</arg>
<doc>Waits until element specified with `locator` is visible.</doc>
<msg timestamp="20230120 15:59:11.169" level="INFO">xpath criteria: //android.widget.ImageButton[@content-desc="Open navigation drawer"]
xpath criteria: //android.widget.ImageButton[@content-desc="Open navigation drawer"]</msg>
<status status="PASS" starttime="20230120 15:59:09.718" endtime="20230120 15:59:11.169"/>
</kw>
<kw name="Click Element" library="AppiumLibrary">
<arg>//android.widget.ImageButton[@content-desc="Open navigation drawer"]</arg>
<doc>Click element identified by `locator`.</doc>
<msg timestamp="20230120 15:59:11.172" level="INFO">Clicking element '//android.widget.ImageButton[@content-desc="Open navigation drawer"]'.</msg>
<msg timestamp="20230120 15:59:11.350" level="INFO">xpath criteria: //android.widget.ImageButton[@content-desc="Open navigation drawer"]</msg>
<status status="PASS" starttime="20230120 15:59:11.169" endtime="20230120 15:59:11.351"/>
</kw>
<kw name="Wait Until Page Contains" library="AppiumLibrary">
<arg>Training Wheels</arg>
<doc>Waits until `text` appears on current page.</doc>
<status status="PASS" starttime="20230120 15:59:11.351" endtime="20230120 15:59:12.331"/>
</kw>
<status status="PASS" starttime="20230120 15:59:09.718" endtime="20230120 15:59:12.332"/>
</kw>
<kw name="Click Text" library="AppiumLibrary">
<arg>FORMS</arg>
<doc>Click text identified by ``text``.</doc>
<msg timestamp="20230120 15:59:13.161" level="INFO">xpath criteria: //*[contains(@text,"FORMS")]</msg>
<status status="PASS" starttime="20230120 15:59:12.332" endtime="20230120 15:59:13.161"/>
</kw>
<kw name="Wait Until Page Contains" library="AppiumLibrary">
<arg>CADASTRO</arg>
<doc>Waits until `text` appears on current page.</doc>
<status status="PASS" starttime="20230120 15:59:13.161" endtime="20230120 15:59:14.057"/>
</kw>
<kw name="Click Text" library="AppiumLibrary">
<arg>CADASTRO</arg>
<doc>Click text identified by ``text``.</doc>
<msg timestamp="20230120 15:59:14.463" level="INFO">xpath criteria: //*[contains(@text,"CADASTRO")]</msg>
<status status="PASS" starttime="20230120 15:59:14.057" endtime="20230120 15:59:14.463"/>
</kw>
<kw name="Wait Until Page Contains" library="AppiumLibrary">
<arg>Bem-vindo, crie sua conta.</arg>
<doc>Waits until `text` appears on current page.</doc>
<status status="PASS" starttime="20230120 15:59:14.464" endtime="20230120 15:59:15.953"/>
</kw>
<status status="PASS" starttime="20230120 15:59:09.718" endtime="20230120 15:59:15.954"/>
</kw>
<kw name="Input Text" library="AppiumLibrary">
<arg>${ID_NAME}</arg>
<arg>Weslley</arg>
<doc>Types the given `text` into text field identified by `locator`.</doc>
<msg timestamp="20230120 15:59:15.959" level="INFO">Typing text 'Weslley' into text field 'io.qaninja.android.twp:id/etUsername'</msg>
<msg timestamp="20230120 15:59:16.857" level="INFO">criteria is io.qaninja.android.twp:id/etUsername</msg>
<status status="PASS" starttime="20230120 15:59:15.956" endtime="20230120 15:59:16.857"/>
</kw>
<kw name="Input Text" library="AppiumLibrary">
<arg>${ID_EMAIL}</arg>
<arg>eu@papito.io</arg>
<doc>Types the given `text` into text field identified by `locator`.</doc>
<msg timestamp="20230120 15:59:16.860" level="INFO">Typing text 'eu@papito.io' into text field 'io.qaninja.android.twp:id/etEmail'</msg>
<msg timestamp="20230120 15:59:17.872" level="INFO">criteria is io.qaninja.android.twp:id/etEmail</msg>
<status status="PASS" starttime="20230120 15:59:16.857" endtime="20230120 15:59:17.873"/>
</kw>
<kw name="Input Password" library="AppiumLibrary">
<arg>${ID_PASSWORD}</arg>
<arg>qaninja</arg>
<doc>Types the given password into text field identified by `locator`.</doc>
<msg timestamp="20230120 15:59:17.876" level="INFO">Typing password into text field 'io.qaninja.android.twp:id/etPassword'</msg>
<msg timestamp="20230120 15:59:18.452" level="INFO">criteria is io.qaninja.android.twp:id/etPassword</msg>
<status status="PASS" starttime="20230120 15:59:17.873" endtime="20230120 15:59:18.452"/>
</kw>
<kw name="Click Element" library="AppiumLibrary">
<arg>${ID_SPINNER}</arg>
<doc>Click element identified by `locator`.</doc>
<msg timestamp="20230120 15:59:18.455" level="INFO">Clicking element 'io.qaninja.android.twp:id/spinnerJob'.</msg>
<msg timestamp="20230120 15:59:18.997" level="INFO">criteria is io.qaninja.android.twp:id/spinnerJob</msg>
<status status="PASS" starttime="20230120 15:59:18.453" endtime="20230120 15:59:18.997"/>
</kw>
<kw name="Wait Until Page Contains" library="AppiumLibrary">
<arg>QA</arg>
<doc>Waits until `text` appears on current page.</doc>
<status status="PASS" starttime="20230120 15:59:18.998" endtime="20230120 15:59:19.285"/>
</kw>
<kw name="Click Text" library="AppiumLibrary">
<arg>QA</arg>
<doc>Click text identified by ``text``.</doc>
<msg timestamp="20230120 15:59:21.105" level="INFO">xpath criteria: //*[contains(@text,"QA")]</msg>
<status status="PASS" starttime="20230120 15:59:19.287" endtime="20230120 15:59:21.105"/>
</kw>
<kw name="Click Element" library="AppiumLibrary">
<arg>${ID_SUBMIT}</arg>
<doc>Click element identified by `locator`.</doc>
<msg timestamp="20230120 15:59:21.108" level="INFO">Clicking element 'io.qaninja.android.twp:id/btnSubmit'.</msg>
<msg timestamp="20230120 15:59:21.324" level="INFO">criteria is io.qaninja.android.twp:id/btnSubmit</msg>
<status status="PASS" starttime="20230120 15:59:21.106" endtime="20230120 15:59:21.324"/>
</kw>
<kw name="Close Session" library="base" type="TEARDOWN">
<kw name="Close Application" library="AppiumLibrary">
<doc>Closes the current application and also close webdriver session.</doc>
<status status="PASS" starttime="20230120 15:59:21.326" endtime="20230120 15:59:22.633"/>
</kw>
<status status="PASS" starttime="20230120 15:59:21.326" endtime="20230120 15:59:22.633"/>
</kw>
<tag>qa</tag>
<status status="PASS" starttime="20230120 15:58:48.897" endtime="20230120 15:59:22.634"/>
</test>
<test id="s1-t3" name="Cadastrar um novo usuario &quot;DevOps&quot;" line="47">
<kw name="Open Session" library="base" type="SETUP">
<kw name="Set Appium Timeout" library="AppiumLibrary">
<arg>20</arg>
<doc>Sets the timeout in seconds used by various keywords.</doc>
<status status="PASS" starttime="20230120 15:59:22.637" endtime="20230120 15:59:22.637"/>
</kw>
<kw name="Open Application" library="AppiumLibrary">
<arg>http://localhost:4723/wd/hub</arg>
<arg>appium:automationName=UiAutomator2</arg>
<arg>platformName=Android</arg>
<arg>appium:deviceName=Emulator</arg>
<arg>appium:app=${EXECDIR}/app/twp.apk</arg>
<arg>appium:udid=emulator-5554</arg>
<doc>Opens a new application to given Appium server.
Capabilities of appium server, Android and iOS,
Please check https://github.com/appium/appium/blob/master/docs/en/writing-running-appium/server-args.md
| *Option*            | *Man.* | *Description*     |
| remote_url          | Yes    | Appium server url |
| alias               | no     | alias             |
| strict_ssl          | No     | allows you to send commands to an invalid certificate host like a self-signed one. |</doc>
<status status="PASS" starttime="20230120 15:59:22.637" endtime="20230120 15:59:38.114"/>
</kw>
<kw name="Botao começar" library="kws">
<kw name="Wait Until Page Contains" library="AppiumLibrary">
<arg>COMEÇAR</arg>
<doc>Waits until `text` appears on current page.</doc>
<status status="PASS" starttime="20230120 15:59:38.114" endtime="20230120 15:59:42.233"/>
</kw>
<kw name="Click Text" library="AppiumLibrary">
<arg>COMEÇAR</arg>
<doc>Click text identified by ``text``.</doc>
<msg timestamp="20230120 15:59:43.372" level="INFO">xpath criteria: //*[contains(@text,"COMEÇAR")]</msg>
<status status="PASS" starttime="20230120 15:59:42.234" endtime="20230120 15:59:43.372"/>
</kw>
<status status="PASS" starttime="20230120 15:59:38.114" endtime="20230120 15:59:43.372"/>
</kw>
<status status="PASS" starttime="20230120 15:59:22.637" endtime="20230120 15:59:43.372"/>
</kw>
<kw name="Ir para cadastro" library="kws">
<kw name="Ir para menu" library="kws">
<kw name="Wait Until Element Is Visible" library="AppiumLibrary">
<arg>//android.widget.ImageButton[@content-desc="Open navigation drawer"]</arg>
<doc>Waits until element specified with `locator` is visible.</doc>
<msg timestamp="20230120 15:59:44.894" level="INFO">xpath criteria: //android.widget.ImageButton[@content-desc="Open navigation drawer"]
xpath criteria: //android.widget.ImageButton[@content-desc="Open navigation drawer"]</msg>
<status status="PASS" starttime="20230120 15:59:43.374" endtime="20230120 15:59:44.894"/>
</kw>
<kw name="Click Element" library="AppiumLibrary">
<arg>//android.widget.ImageButton[@content-desc="Open navigation drawer"]</arg>
<doc>Click element identified by `locator`.</doc>
<msg timestamp="20230120 15:59:44.896" level="INFO">Clicking element '//android.widget.ImageButton[@content-desc="Open navigation drawer"]'.</msg>
<msg timestamp="20230120 15:59:45.099" level="INFO">xpath criteria: //android.widget.ImageButton[@content-desc="Open navigation drawer"]</msg>
<status status="PASS" starttime="20230120 15:59:44.894" endtime="20230120 15:59:45.099"/>
</kw>
<kw name="Wait Until Page Contains" library="AppiumLibrary">
<arg>Training Wheels</arg>
<doc>Waits until `text` appears on current page.</doc>
<status status="PASS" starttime="20230120 15:59:45.099" endtime="20230120 15:59:46.022"/>
</kw>
<status status="PASS" starttime="20230120 15:59:43.373" endtime="20230120 15:59:46.022"/>
</kw>
<kw name="Click Text" library="AppiumLibrary">
<arg>FORMS</arg>
<doc>Click text identified by ``text``.</doc>
<msg timestamp="20230120 15:59:46.592" level="INFO">xpath criteria: //*[contains(@text,"FORMS")]</msg>
<status status="PASS" starttime="20230120 15:59:46.022" endtime="20230120 15:59:46.592"/>
</kw>
<kw name="Wait Until Page Contains" library="AppiumLibrary">
<arg>CADASTRO</arg>
<doc>Waits until `text` appears on current page.</doc>
<status status="PASS" starttime="20230120 15:59:46.592" endtime="20230120 15:59:47.793"/>
</kw>
<kw name="Click Text" library="AppiumLibrary">
<arg>CADASTRO</arg>
<doc>Click text identified by ``text``.</doc>
<msg timestamp="20230120 15:59:47.944" level="INFO">xpath criteria: //*[contains(@text,"CADASTRO")]</msg>
<status status="PASS" starttime="20230120 15:59:47.793" endtime="20230120 15:59:47.944"/>
</kw>
<kw name="Wait Until Page Contains" library="AppiumLibrary">
<arg>Bem-vindo, crie sua conta.</arg>
<doc>Waits until `text` appears on current page.</doc>
<status status="PASS" starttime="20230120 15:59:47.944" endtime="20230120 15:59:49.680"/>
</kw>
<status status="PASS" starttime="20230120 15:59:43.373" endtime="20230120 15:59:49.680"/>
</kw>
<kw name="Input Text" library="AppiumLibrary">
<arg>${ID_NAME}</arg>
<arg>Weslley</arg>
<doc>Types the given `text` into text field identified by `locator`.</doc>
<msg timestamp="20230120 15:59:49.684" level="INFO">Typing text 'Weslley' into text field 'io.qaninja.android.twp:id/etUsername'</msg>
<msg timestamp="20230120 15:59:50.562" level="INFO">criteria is io.qaninja.android.twp:id/etUsername</msg>
<status status="PASS" starttime="20230120 15:59:49.681" endtime="20230120 15:59:50.562"/>
</kw>
<kw name="Input Text" library="AppiumLibrary">
<arg>${ID_EMAIL}</arg>
<arg>eu@papito.io</arg>
<doc>Types the given `text` into text field identified by `locator`.</doc>
<msg timestamp="20230120 15:59:50.566" level="INFO">Typing text 'eu@papito.io' into text field 'io.qaninja.android.twp:id/etEmail'</msg>
<msg timestamp="20230120 15:59:51.591" level="INFO">criteria is io.qaninja.android.twp:id/etEmail</msg>
<status status="PASS" starttime="20230120 15:59:50.563" endtime="20230120 15:59:51.591"/>
</kw>
<kw name="Input Password" library="AppiumLibrary">
<arg>${ID_PASSWORD}</arg>
<arg>qaninja</arg>
<doc>Types the given password into text field identified by `locator`.</doc>
<msg timestamp="20230120 15:59:51.595" level="INFO">Typing password into text field 'io.qaninja.android.twp:id/etPassword'</msg>
<msg timestamp="20230120 15:59:52.651" level="INFO">criteria is io.qaninja.android.twp:id/etPassword</msg>
<status status="PASS" starttime="20230120 15:59:51.592" endtime="20230120 15:59:52.651"/>
</kw>
<kw name="Click Element" library="AppiumLibrary">
<arg>${ID_SPINNER}</arg>
<doc>Click element identified by `locator`.</doc>
<msg timestamp="20230120 15:59:52.656" level="INFO">Clicking element 'io.qaninja.android.twp:id/spinnerJob'.</msg>
<msg timestamp="20230120 15:59:53.228" level="INFO">criteria is io.qaninja.android.twp:id/spinnerJob</msg>
<status status="PASS" starttime="20230120 15:59:52.654" endtime="20230120 15:59:53.228"/>
</kw>
<kw name="Wait Until Page Contains" library="AppiumLibrary">
<arg>DevOps</arg>
<doc>Waits until `text` appears on current page.</doc>
<status status="PASS" starttime="20230120 15:59:53.229" endtime="20230120 15:59:54.468"/>
</kw>
<kw name="Click Text" library="AppiumLibrary">
<arg>DevOps</arg>
<doc>Click text identified by ``text``.</doc>
<msg timestamp="20230120 15:59:55.439" level="INFO">xpath criteria: //*[contains(@text,"DevOps")]</msg>
<status status="PASS" starttime="20230120 15:59:54.469" endtime="20230120 15:59:55.439"/>
</kw>
<kw name="Click Element" library="AppiumLibrary">
<arg>${ID_SUBMIT}</arg>
<doc>Click element identified by `locator`.</doc>
<msg timestamp="20230120 15:59:55.442" level="INFO">Clicking element 'io.qaninja.android.twp:id/btnSubmit'.</msg>
<msg timestamp="20230120 15:59:55.629" level="INFO">criteria is io.qaninja.android.twp:id/btnSubmit</msg>
<status status="PASS" starttime="20230120 15:59:55.440" endtime="20230120 15:59:55.629"/>
</kw>
<kw name="Close Session" library="base" type="TEARDOWN">
<kw name="Close Application" library="AppiumLibrary">
<doc>Closes the current application and also close webdriver session.</doc>
<status status="PASS" starttime="20230120 15:59:55.631" endtime="20230120 15:59:57.484"/>
</kw>
<status status="PASS" starttime="20230120 15:59:55.630" endtime="20230120 15:59:57.484"/>
</kw>
<tag>devops</tag>
<status status="PASS" starttime="20230120 15:59:22.636" endtime="20230120 15:59:57.487"/>
</test>
<test id="s1-t4" name="Cadastrar um novo usuario &quot;UX" line="62">
<kw name="Open Session" library="base" type="SETUP">
<kw name="Set Appium Timeout" library="AppiumLibrary">
<arg>20</arg>
<doc>Sets the timeout in seconds used by various keywords.</doc>
<status status="PASS" starttime="20230120 15:59:57.500" endtime="20230120 15:59:57.500"/>
</kw>
<kw name="Open Application" library="AppiumLibrary">
<arg>http://localhost:4723/wd/hub</arg>
<arg>appium:automationName=UiAutomator2</arg>
<arg>platformName=Android</arg>
<arg>appium:deviceName=Emulator</arg>
<arg>appium:app=${EXECDIR}/app/twp.apk</arg>
<arg>appium:udid=emulator-5554</arg>
<doc>Opens a new application to given Appium server.
Capabilities of appium server, Android and iOS,
Please check https://github.com/appium/appium/blob/master/docs/en/writing-running-appium/server-args.md
| *Option*            | *Man.* | *Description*     |
| remote_url          | Yes    | Appium server url |
| alias               | no     | alias             |
| strict_ssl          | No     | allows you to send commands to an invalid certificate host like a self-signed one. |</doc>
<status status="PASS" starttime="20230120 15:59:57.500" endtime="20230120 16:00:13.704"/>
</kw>
<kw name="Botao começar" library="kws">
<kw name="Wait Until Page Contains" library="AppiumLibrary">
<arg>COMEÇAR</arg>
<doc>Waits until `text` appears on current page.</doc>
<status status="PASS" starttime="20230120 16:00:13.705" endtime="20230120 16:00:17.491"/>
</kw>
<kw name="Click Text" library="AppiumLibrary">
<arg>COMEÇAR</arg>
<doc>Click text identified by ``text``.</doc>
<msg timestamp="20230120 16:00:18.502" level="INFO">xpath criteria: //*[contains(@text,"COMEÇAR")]</msg>
<status status="PASS" starttime="20230120 16:00:17.492" endtime="20230120 16:00:18.502"/>
</kw>
<status status="PASS" starttime="20230120 16:00:13.704" endtime="20230120 16:00:18.502"/>
</kw>
<status status="PASS" starttime="20230120 15:59:57.499" endtime="20230120 16:00:18.502"/>
</kw>
<kw name="Ir para cadastro" library="kws">
<kw name="Ir para menu" library="kws">
<kw name="Wait Until Element Is Visible" library="AppiumLibrary">
<arg>//android.widget.ImageButton[@content-desc="Open navigation drawer"]</arg>
<doc>Waits until element specified with `locator` is visible.</doc>
<msg timestamp="20230120 16:00:20.148" level="INFO">xpath criteria: //android.widget.ImageButton[@content-desc="Open navigation drawer"]
xpath criteria: //android.widget.ImageButton[@content-desc="Open navigation drawer"]</msg>
<status status="PASS" starttime="20230120 16:00:18.504" endtime="20230120 16:00:20.148"/>
</kw>
<kw name="Click Element" library="AppiumLibrary">
<arg>//android.widget.ImageButton[@content-desc="Open navigation drawer"]</arg>
<doc>Click element identified by `locator`.</doc>
<msg timestamp="20230120 16:00:20.151" level="INFO">Clicking element '//android.widget.ImageButton[@content-desc="Open navigation drawer"]'.</msg>
<msg timestamp="20230120 16:00:20.365" level="INFO">xpath criteria: //android.widget.ImageButton[@content-desc="Open navigation drawer"]</msg>
<status status="PASS" starttime="20230120 16:00:20.148" endtime="20230120 16:00:20.365"/>
</kw>
<kw name="Wait Until Page Contains" library="AppiumLibrary">
<arg>Training Wheels</arg>
<doc>Waits until `text` appears on current page.</doc>
<status status="PASS" starttime="20230120 16:00:20.366" endtime="20230120 16:00:21.457"/>
</kw>
<status status="PASS" starttime="20230120 16:00:18.504" endtime="20230120 16:00:21.457"/>
</kw>
<kw name="Click Text" library="AppiumLibrary">
<arg>FORMS</arg>
<doc>Click text identified by ``text``.</doc>
<msg timestamp="20230120 16:00:21.850" level="INFO">xpath criteria: //*[contains(@text,"FORMS")]</msg>
<status status="PASS" starttime="20230120 16:00:21.457" endtime="20230120 16:00:21.850"/>
</kw>
<kw name="Wait Until Page Contains" library="AppiumLibrary">
<arg>CADASTRO</arg>
<doc>Waits until `text` appears on current page.</doc>
<status status="PASS" starttime="20230120 16:00:21.850" endtime="20230120 16:00:22.516"/>
</kw>
<kw name="Click Text" library="AppiumLibrary">
<arg>CADASTRO</arg>
<doc>Click text identified by ``text``.</doc>
<msg timestamp="20230120 16:00:23.057" level="INFO">xpath criteria: //*[contains(@text,"CADASTRO")]</msg>
<status status="PASS" starttime="20230120 16:00:22.517" endtime="20230120 16:00:23.057"/>
</kw>
<kw name="Wait Until Page Contains" library="AppiumLibrary">
<arg>Bem-vindo, crie sua conta.</arg>
<doc>Waits until `text` appears on current page.</doc>
<status status="PASS" starttime="20230120 16:00:23.058" endtime="20230120 16:00:24.682"/>
</kw>
<status status="PASS" starttime="20230120 16:00:18.503" endtime="20230120 16:00:24.683"/>
</kw>
<kw name="Input Text" library="AppiumLibrary">
<arg>${ID_NAME}</arg>
<arg>Weslley</arg>
<doc>Types the given `text` into text field identified by `locator`.</doc>
<msg timestamp="20230120 16:00:24.686" level="INFO">Typing text 'Weslley' into text field 'io.qaninja.android.twp:id/etUsername'</msg>
<msg timestamp="20230120 16:00:25.569" level="INFO">criteria is io.qaninja.android.twp:id/etUsername</msg>
<status status="PASS" starttime="20230120 16:00:24.683" endtime="20230120 16:00:25.569"/>
</kw>
<kw name="Input Text" library="AppiumLibrary">
<arg>${ID_EMAIL}</arg>
<arg>eu@papito.io</arg>
<doc>Types the given `text` into text field identified by `locator`.</doc>
<msg timestamp="20230120 16:00:25.572" level="INFO">Typing text 'eu@papito.io' into text field 'io.qaninja.android.twp:id/etEmail'</msg>
<msg timestamp="20230120 16:00:26.111" level="INFO">criteria is io.qaninja.android.twp:id/etEmail</msg>
<status status="PASS" starttime="20230120 16:00:25.570" endtime="20230120 16:00:26.111"/>
</kw>
<kw name="Input Password" library="AppiumLibrary">
<arg>${ID_PASSWORD}</arg>
<arg>qaninja</arg>
<doc>Types the given password into text field identified by `locator`.</doc>
<msg timestamp="20230120 16:00:26.114" level="INFO">Typing password into text field 'io.qaninja.android.twp:id/etPassword'</msg>
<msg timestamp="20230120 16:00:26.716" level="INFO">criteria is io.qaninja.android.twp:id/etPassword</msg>
<status status="PASS" starttime="20230120 16:00:26.112" endtime="20230120 16:00:26.716"/>
</kw>
<kw name="Click Element" library="AppiumLibrary">
<arg>${ID_SPINNER}</arg>
<doc>Click element identified by `locator`.</doc>
<msg timestamp="20230120 16:00:26.719" level="INFO">Clicking element 'io.qaninja.android.twp:id/spinnerJob'.</msg>
<msg timestamp="20230120 16:00:27.267" level="INFO">criteria is io.qaninja.android.twp:id/spinnerJob</msg>
<status status="PASS" starttime="20230120 16:00:26.717" endtime="20230120 16:00:27.267"/>
</kw>
<kw name="Wait Until Page Contains" library="AppiumLibrary">
<arg>UX</arg>
<doc>Waits until `text` appears on current page.</doc>
<status status="PASS" starttime="20230120 16:00:27.268" endtime="20230120 16:00:28.474"/>
</kw>
<kw name="Click Text" library="AppiumLibrary">
<arg>UX</arg>
<doc>Click text identified by ``text``.</doc>
<msg timestamp="20230120 16:00:29.476" level="INFO">xpath criteria: //*[contains(@text,"UX")]</msg>
<status status="PASS" starttime="20230120 16:00:28.474" endtime="20230120 16:00:29.476"/>
</kw>
<kw name="Click Element" library="AppiumLibrary">
<arg>${ID_SUBMIT}</arg>
<doc>Click element identified by `locator`.</doc>
<msg timestamp="20230120 16:00:29.480" level="INFO">Clicking element 'io.qaninja.android.twp:id/btnSubmit'.</msg>
<msg timestamp="20230120 16:00:29.752" level="INFO">criteria is io.qaninja.android.twp:id/btnSubmit</msg>
<status status="PASS" starttime="20230120 16:00:29.478" endtime="20230120 16:00:29.752"/>
</kw>
<kw name="Close Session" library="base" type="TEARDOWN">
<kw name="Close Application" library="AppiumLibrary">
<doc>Closes the current application and also close webdriver session.</doc>
<status status="PASS" starttime="20230120 16:00:29.754" endtime="20230120 16:00:31.105"/>
</kw>
<status status="PASS" starttime="20230120 16:00:29.753" endtime="20230120 16:00:31.105"/>
</kw>
<tag>ux</tag>
<status status="PASS" starttime="20230120 15:59:57.499" endtime="20230120 16:00:31.106"/>
</test>
<status status="PASS" starttime="20230120 15:58:17.010" endtime="20230120 16:00:31.110"/>
</suite>
<statistics>
<total>
<stat pass="4" fail="0" skip="0">All Tests</stat>
</total>
<tag>
<stat pass="1" fail="0" skip="0">dev</stat>
<stat pass="1" fail="0" skip="0">devops</stat>
<stat pass="1" fail="0" skip="0">qa</stat>
<stat pass="1" fail="0" skip="0">ux</stat>
</tag>
<suite>
<stat pass="4" fail="0" skip="0" id="s1" name="Cadastro">Cadastro</stat>
</suite>
</statistics>
<errors>
</errors>
</robot>
